<?xml version="1.0" encoding="UTF-8"?>
<!-- Generated by org.testng.reporters.JUnitXMLReporter -->
<testsuite ignored="0" hostname="DESKTOP-I7A3701" failures="1" tests="14" name="TutorialNinja Automation Test cases" time="49.685" errors="0" timestamp="2024-04-16T11:28:47 IST">
  <testcase classname="com.TutorialNinjaproj.QA.TestCases.RegisterTest" name="verifyRegisterAnAccountWithMandatoryFields" time="1.592"/>
  <testcase classname="com.TutorialNinjaproj.QA.TestCases.RegisterTest" name="verifyRegisterAccountByProvidingAllFields" time="1.233"/>
  <testcase classname="com.TutorialNinjaproj.QA.TestCases.RegisterTest" name="verifyRegisterAccountWithExistingEmailAccount" time="0.99"/>
  <testcase classname="com.TutorialNinjaproj.QA.TestCases.RegisterTest" name="verifyRegisteringWithoutFillingAnydetails" time="0.526"/>
  <testcase classname="com.TutorialNinjaproj.QA.TestCases.LoginTest" name="verifyLoginWithValidCredentials" time="1.051"/>
  <testcase classname="com.TutorialNinjaproj.QA.TestCases.LoginTest" name="verifyLoginWithValidCredentials" time="0.857"/>
  <testcase classname="com.TutorialNinjaproj.QA.TestCases.LoginTest" name="verifyLoginWithValidCredentials" time="0.922"/>
  <testcase classname="com.TutorialNinjaproj.QA.TestCases.LoginTest" name="verifyLoginWithInValidCredentials" time="0.958"/>
  <testcase classname="com.TutorialNinjaproj.QA.TestCases.LoginTest" name="verifyLoginWithInValideEmailAndValidPassword" time="0.852"/>
  <testcase classname="com.TutorialNinjaproj.QA.TestCases.LoginTest" name="verifyLoginWithValideEmailAndInValidPassword" time="0.703"/>
  <testcase classname="com.TutorialNinjaproj.QA.TestCases.LoginTest" name="verifyLoginWithoutProvidingCredential" time="0.583"/>
  <testcase classname="com.TutorialNinjaproj.QA.TestCases.SearchTest" name="verifySearchWithValidProduct" time="0.405"/>
  <testcase classname="com.TutorialNinjaproj.QA.TestCases.SearchTest" name="verifySearchWithInValidProduct" time="0.404">
    <failure type="java.lang.AssertionError" message="No Product Message in search Result Is not Displayed expected [abcd] but found [There is no product that matches the search criteria.]">
      <![CDATA[java.lang.AssertionError: No Product Message in search Result Is not Displayed expected [abcd] but found [There is no product that matches the search criteria.]
at com.TutorialNinjaproj.QA.TestCases.SearchTest.verifySearchWithInValidProduct(SearchTest.java:45)
at java.base/java.util.ArrayList.forEach(ArrayList.java:1511)
... Removed 30 stack frames]]>
    </failure>
  </testcase> <!-- verifySearchWithInValidProduct -->
  <testcase classname="com.TutorialNinjaproj.QA.TestCases.SearchTest" name="verifySearchWithAnyProduct" time="0.0">
    <skipped/>
  </testcase> <!-- verifySearchWithAnyProduct -->
</testsuite> <!-- TutorialNinja Automation Test cases -->
