<?xml version="1.0" encoding="UTF-8"?>
<testng-results ignored="0" total="14" passed="12" failed="1" skipped="1">
  <reporter-output>
  </reporter-output>
  <suite started-at="2024-04-16T11:38:05 IST" name="TutorialNinja Automation Suite" finished-at="2024-04-16T11:38:57 IST" duration-ms="52450">
    <groups>
    </groups>
    <test started-at="2024-04-16T11:38:05 IST" name="TutorialNinja Automation Test cases" finished-at="2024-04-16T11:38:57 IST" duration-ms="52450">
      <class name="com.TutorialNinjaproj.QA.TestCases.SearchTest">
        <test-method is-config="true" signature="setUp()[pri:0, instance:com.TutorialNinjaproj.QA.TestCases.SearchTest@78e4deb0]" started-at="2024-04-16T11:38:51 IST" name="setUp" finished-at="2024-04-16T11:38:53 IST" duration-ms="2374" status="PASS">
          <reporter-output>
          </reporter-output>
        </test-method> <!-- setUp -->
        <test-method signature="verifySearchWithValidProduct()[pri:1, instance:com.TutorialNinjaproj.QA.TestCases.SearchTest@78e4deb0]" started-at="2024-04-16T11:38:53 IST" name="verifySearchWithValidProduct" finished-at="2024-04-16T11:38:54 IST" duration-ms="539" status="PASS">
          <reporter-output>
          </reporter-output>
        </test-method> <!-- verifySearchWithValidProduct -->
        <test-method is-config="true" signature="tearDown()[pri:0, instance:com.TutorialNinjaproj.QA.TestCases.SearchTest@78e4deb0]" started-at="2024-04-16T11:38:54 IST" name="tearDown" finished-at="2024-04-16T11:38:54 IST" duration-ms="232" status="PASS">
          <reporter-output>
          </reporter-output>
        </test-method> <!-- tearDown -->
        <test-method is-config="true" signature="setUp()[pri:0, instance:com.TutorialNinjaproj.QA.TestCases.SearchTest@78e4deb0]" started-at="2024-04-16T11:38:54 IST" name="setUp" finished-at="2024-04-16T11:38:56 IST" duration-ms="2212" status="PASS">
          <reporter-output>
          </reporter-output>
        </test-method> <!-- setUp -->
        <test-method signature="verifySearchWithInValidProduct()[pri:2, instance:com.TutorialNinjaproj.QA.TestCases.SearchTest@78e4deb0]" started-at="2024-04-16T11:38:56 IST" name="verifySearchWithInValidProduct" finished-at="2024-04-16T11:38:56 IST" duration-ms="376" status="FAIL">
          <exception class="java.lang.AssertionError">
            <message>
              <![CDATA[No Product Message in search Result Is not Displayed expected [abcd] but found [There is no product that matches the search criteria.]]]>
            </message>
            <full-stacktrace>
              <![CDATA[java.lang.AssertionError: No Product Message in search Result Is not Displayed expected [abcd] but found [There is no product that matches the search criteria.]
at org.testng.Assert.fail(Assert.java:111)
at org.testng.Assert.failNotEquals(Assert.java:1578)
at org.testng.Assert.assertEqualsImpl(Assert.java:150)
at org.testng.Assert.assertEquals(Assert.java:132)
at org.testng.Assert.assertEquals(Assert.java:656)
at com.TutorialNinjaproj.QA.TestCases.SearchTest.verifySearchWithInValidProduct(SearchTest.java:45)
at java.base/jdk.internal.reflect.DirectMethodHandleAccessor.invoke(DirectMethodHandleAccessor.java:104)
at java.base/java.lang.reflect.Method.invoke(Method.java:578)
at org.testng.internal.invokers.MethodInvocationHelper.invokeMethod(MethodInvocationHelper.java:139)
at org.testng.internal.invokers.TestInvoker.invokeMethod(TestInvoker.java:664)
at org.testng.internal.invokers.TestInvoker.invokeTestMethod(TestInvoker.java:228)
at org.testng.internal.invokers.MethodRunner.runInSequence(MethodRunner.java:63)
at org.testng.internal.invokers.TestInvoker$MethodInvocationAgent.invoke(TestInvoker.java:961)
at org.testng.internal.invokers.TestInvoker.invokeTestMethods(TestInvoker.java:201)
at org.testng.internal.invokers.TestMethodWorker.invokeTestMethods(TestMethodWorker.java:148)
at org.testng.internal.invokers.TestMethodWorker.run(TestMethodWorker.java:128)
at java.base/java.util.ArrayList.forEach(ArrayList.java:1511)
at org.testng.TestRunner.privateRun(TestRunner.java:819)
at org.testng.TestRunner.run(TestRunner.java:619)
at org.testng.SuiteRunner.runTest(SuiteRunner.java:443)
at org.testng.SuiteRunner.runSequentially(SuiteRunner.java:437)
at org.testng.SuiteRunner.privateRun(SuiteRunner.java:397)
at org.testng.SuiteRunner.run(SuiteRunner.java:336)
at org.testng.SuiteRunnerWorker.runSuite(SuiteRunnerWorker.java:52)
at org.testng.SuiteRunnerWorker.run(SuiteRunnerWorker.java:95)
at org.testng.TestNG.runSuitesSequentially(TestNG.java:1301)
at org.testng.TestNG.runSuitesLocally(TestNG.java:1228)
at org.testng.TestNG.runSuites(TestNG.java:1134)
at org.testng.TestNG.run(TestNG.java:1101)
at org.apache.maven.surefire.testng.TestNGExecutor.run(TestNGExecutor.java:308)
at org.apache.maven.surefire.testng.TestNGXmlTestSuite.execute(TestNGXmlTestSuite.java:71)
at org.apache.maven.surefire.testng.TestNGProvider.invoke(TestNGProvider.java:113)
at org.apache.maven.surefire.booter.ForkedBooter.runSuitesInProcess(ForkedBooter.java:385)
at org.apache.maven.surefire.booter.ForkedBooter.execute(ForkedBooter.java:162)
at org.apache.maven.surefire.booter.ForkedBooter.run(ForkedBooter.java:507)
at org.apache.maven.surefire.booter.ForkedBooter.main(ForkedBooter.java:495)
]]>
            </full-stacktrace>
          </exception> <!-- java.lang.AssertionError -->
          <reporter-output>
          </reporter-output>
        </test-method> <!-- verifySearchWithInValidProduct -->
        <test-method is-config="true" signature="tearDown()[pri:0, instance:com.TutorialNinjaproj.QA.TestCases.SearchTest@78e4deb0]" started-at="2024-04-16T11:38:57 IST" name="tearDown" finished-at="2024-04-16T11:38:57 IST" duration-ms="218" status="PASS">
          <reporter-output>
          </reporter-output>
        </test-method> <!-- tearDown -->
        <test-method signature="verifySearchWithAnyProduct()[pri:3, instance:com.TutorialNinjaproj.QA.TestCases.SearchTest@78e4deb0]" started-at="2024-04-16T11:38:57 IST" name="verifySearchWithAnyProduct" finished-at="2024-04-16T11:38:57 IST" depends-on-methods="com.TutorialNinjaproj.QA.TestCases.SearchTest.verifySearchWithValidProduct, com.TutorialNinjaproj.QA.TestCases.SearchTest.verifySearchWithInValidProduct" duration-ms="0" status="SKIP">
          <exception class="java.lang.Throwable">
            <message>
              <![CDATA[Method com.TutorialNinjaproj.QA.TestCases.SearchTest.verifySearchWithAnyProduct() on instance com.TutorialNinjaproj.QA.TestCases.SearchTest@78e4deb0 depends on not successfully finished methods 
[com.TutorialNinjaproj.QA.TestCases.SearchTest.verifySearchWithValidProduct() on instance com.TutorialNinjaproj.QA.TestCases.SearchTest@78e4deb0
com.TutorialNinjaproj.QA.TestCases.SearchTest.verifySearchWithInValidProduct() on instance com.TutorialNinjaproj.QA.TestCases.SearchTest@78e4deb0]]]>
            </message>
            <full-stacktrace>
              <![CDATA[java.lang.Throwable: Method com.TutorialNinjaproj.QA.TestCases.SearchTest.verifySearchWithAnyProduct() on instance com.TutorialNinjaproj.QA.TestCases.SearchTest@78e4deb0 depends on not successfully finished methods 
[com.TutorialNinjaproj.QA.TestCases.SearchTest.verifySearchWithValidProduct() on instance com.TutorialNinjaproj.QA.TestCases.SearchTest@78e4deb0
com.TutorialNinjaproj.QA.TestCases.SearchTest.verifySearchWithInValidProduct() on instance com.TutorialNinjaproj.QA.TestCases.SearchTest@78e4deb0]
at org.testng.internal.invokers.TestInvoker.invokeTestMethods(TestInvoker.java:157)
at org.testng.internal.invokers.TestMethodWorker.invokeTestMethods(TestMethodWorker.java:148)
at org.testng.internal.invokers.TestMethodWorker.run(TestMethodWorker.java:128)
at java.base/java.util.ArrayList.forEach(ArrayList.java:1511)
at org.testng.TestRunner.privateRun(TestRunner.java:819)
at org.testng.TestRunner.run(TestRunner.java:619)
at org.testng.SuiteRunner.runTest(SuiteRunner.java:443)
at org.testng.SuiteRunner.runSequentially(SuiteRunner.java:437)
at org.testng.SuiteRunner.privateRun(SuiteRunner.java:397)
at org.testng.SuiteRunner.run(SuiteRunner.java:336)
at org.testng.SuiteRunnerWorker.runSuite(SuiteRunnerWorker.java:52)
at org.testng.SuiteRunnerWorker.run(SuiteRunnerWorker.java:95)
at org.testng.TestNG.runSuitesSequentially(TestNG.java:1301)
at org.testng.TestNG.runSuitesLocally(TestNG.java:1228)
at org.testng.TestNG.runSuites(TestNG.java:1134)
at org.testng.TestNG.run(TestNG.java:1101)
at org.apache.maven.surefire.testng.TestNGExecutor.run(TestNGExecutor.java:308)
at org.apache.maven.surefire.testng.TestNGXmlTestSuite.execute(TestNGXmlTestSuite.java:71)
at org.apache.maven.surefire.testng.TestNGProvider.invoke(TestNGProvider.java:113)
at org.apache.maven.surefire.booter.ForkedBooter.runSuitesInProcess(ForkedBooter.java:385)
at org.apache.maven.surefire.booter.ForkedBooter.execute(ForkedBooter.java:162)
at org.apache.maven.surefire.booter.ForkedBooter.run(ForkedBooter.java:507)
at org.apache.maven.surefire.booter.ForkedBooter.main(ForkedBooter.java:495)
]]>
            </full-stacktrace>
          </exception> <!-- java.lang.Throwable -->
          <reporter-output>
          </reporter-output>
        </test-method> <!-- verifySearchWithAnyProduct -->
      </class> <!-- com.TutorialNinjaproj.QA.TestCases.SearchTest -->
      <class name="com.TutorialNinjaproj.QA.TestCases.RegisterTest">
        <test-method is-config="true" signature="setUp()[pri:0, instance:com.TutorialNinjaproj.QA.TestCases.RegisterTest@51c668e3]" started-at="2024-04-16T11:38:05 IST" name="setUp" finished-at="2024-04-16T11:38:10 IST" duration-ms="4739" status="PASS">
          <reporter-output>
          </reporter-output>
        </test-method> <!-- setUp -->
        <test-method signature="verifyRegisterAnAccountWithMandatoryFields()[pri:1, instance:com.TutorialNinjaproj.QA.TestCases.RegisterTest@51c668e3]" started-at="2024-04-16T11:38:10 IST" name="verifyRegisterAnAccountWithMandatoryFields" finished-at="2024-04-16T11:38:11 IST" duration-ms="1594" status="PASS">
          <reporter-output>
          </reporter-output>
        </test-method> <!-- verifyRegisterAnAccountWithMandatoryFields -->
        <test-method is-config="true" signature="tearDown()[pri:0, instance:com.TutorialNinjaproj.QA.TestCases.RegisterTest@51c668e3]" started-at="2024-04-16T11:38:11 IST" name="tearDown" finished-at="2024-04-16T11:38:11 IST" duration-ms="194" status="PASS">
          <reporter-output>
          </reporter-output>
        </test-method> <!-- tearDown -->
        <test-method is-config="true" signature="setUp()[pri:0, instance:com.TutorialNinjaproj.QA.TestCases.RegisterTest@51c668e3]" started-at="2024-04-16T11:38:11 IST" name="setUp" finished-at="2024-04-16T11:38:14 IST" duration-ms="2989" status="PASS">
          <reporter-output>
          </reporter-output>
        </test-method> <!-- setUp -->
        <test-method signature="verifyRegisterAccountByProvidingAllFields()[pri:2, instance:com.TutorialNinjaproj.QA.TestCases.RegisterTest@51c668e3]" started-at="2024-04-16T11:38:14 IST" name="verifyRegisterAccountByProvidingAllFields" finished-at="2024-04-16T11:38:16 IST" duration-ms="1500" status="PASS">
          <reporter-output>
          </reporter-output>
        </test-method> <!-- verifyRegisterAccountByProvidingAllFields -->
        <test-method is-config="true" signature="tearDown()[pri:0, instance:com.TutorialNinjaproj.QA.TestCases.RegisterTest@51c668e3]" started-at="2024-04-16T11:38:16 IST" name="tearDown" finished-at="2024-04-16T11:38:16 IST" duration-ms="194" status="PASS">
          <reporter-output>
          </reporter-output>
        </test-method> <!-- tearDown -->
        <test-method is-config="true" signature="setUp()[pri:0, instance:com.TutorialNinjaproj.QA.TestCases.RegisterTest@51c668e3]" started-at="2024-04-16T11:38:16 IST" name="setUp" finished-at="2024-04-16T11:38:19 IST" duration-ms="2868" status="PASS">
          <reporter-output>
          </reporter-output>
        </test-method> <!-- setUp -->
        <test-method signature="verifyRegisterAccountWithExistingEmailAccount()[pri:3, instance:com.TutorialNinjaproj.QA.TestCases.RegisterTest@51c668e3]" started-at="2024-04-16T11:38:19 IST" name="verifyRegisterAccountWithExistingEmailAccount" finished-at="2024-04-16T11:38:20 IST" duration-ms="1127" status="PASS">
          <reporter-output>
          </reporter-output>
        </test-method> <!-- verifyRegisterAccountWithExistingEmailAccount -->
        <test-method is-config="true" signature="tearDown()[pri:0, instance:com.TutorialNinjaproj.QA.TestCases.RegisterTest@51c668e3]" started-at="2024-04-16T11:38:20 IST" name="tearDown" finished-at="2024-04-16T11:38:20 IST" duration-ms="184" status="PASS">
          <reporter-output>
          </reporter-output>
        </test-method> <!-- tearDown -->
        <test-method is-config="true" signature="setUp()[pri:0, instance:com.TutorialNinjaproj.QA.TestCases.RegisterTest@51c668e3]" started-at="2024-04-16T11:38:20 IST" name="setUp" finished-at="2024-04-16T11:38:23 IST" duration-ms="2745" status="PASS">
          <reporter-output>
          </reporter-output>
        </test-method> <!-- setUp -->
        <test-method signature="verifyRegisteringWithoutFillingAnydetails()[pri:4, instance:com.TutorialNinjaproj.QA.TestCases.RegisterTest@51c668e3]" started-at="2024-04-16T11:38:23 IST" name="verifyRegisteringWithoutFillingAnydetails" finished-at="2024-04-16T11:38:24 IST" duration-ms="530" status="PASS">
          <reporter-output>
          </reporter-output>
        </test-method> <!-- verifyRegisteringWithoutFillingAnydetails -->
        <test-method is-config="true" signature="tearDown()[pri:0, instance:com.TutorialNinjaproj.QA.TestCases.RegisterTest@51c668e3]" started-at="2024-04-16T11:38:24 IST" name="tearDown" finished-at="2024-04-16T11:38:24 IST" duration-ms="168" status="PASS">
          <reporter-output>
          </reporter-output>
        </test-method> <!-- tearDown -->
      </class> <!-- com.TutorialNinjaproj.QA.TestCases.RegisterTest -->
      <class name="com.TutorialNinjaproj.QA.TestCases.LoginTest">
        <test-method is-config="true" signature="setUp()[pri:0, instance:com.TutorialNinjaproj.QA.TestCases.LoginTest@449a4f23]" started-at="2024-04-16T11:38:25 IST" name="setUp" finished-at="2024-04-16T11:38:27 IST" duration-ms="2485" status="PASS">
          <reporter-output>
          </reporter-output>
        </test-method> <!-- setUp -->
        <test-method signature="verifyLoginWithValidCredentials(java.lang.String,java.lang.String)[pri:1, instance:com.TutorialNinjaproj.QA.TestCases.LoginTest@449a4f23]" started-at="2024-04-16T11:38:27 IST" name="verifyLoginWithValidCredentials" data-provider="validCredentials" finished-at="2024-04-16T11:38:28 IST" duration-ms="987" status="PASS">
          <params>
            <param index="0">
              <value>
                <![CDATA[amitsdet3227@gmail.com]]>
              </value>
            </param>
            <param index="1">
              <value>
                <![CDATA[Shreeganesh@1234]]>
              </value>
            </param>
          </params>
          <reporter-output>
          </reporter-output>
        </test-method> <!-- verifyLoginWithValidCredentials -->
        <test-method is-config="true" signature="tearDown()[pri:0, instance:com.TutorialNinjaproj.QA.TestCases.LoginTest@449a4f23]" started-at="2024-04-16T11:38:28 IST" name="tearDown" finished-at="2024-04-16T11:38:28 IST" duration-ms="176" status="PASS">
          <reporter-output>
          </reporter-output>
        </test-method> <!-- tearDown -->
        <test-method is-config="true" signature="setUp()[pri:0, instance:com.TutorialNinjaproj.QA.TestCases.LoginTest@449a4f23]" started-at="2024-04-16T11:38:28 IST" name="setUp" finished-at="2024-04-16T11:38:31 IST" duration-ms="2727" status="PASS">
          <reporter-output>
          </reporter-output>
        </test-method> <!-- setUp -->
        <test-method signature="verifyLoginWithValidCredentials(java.lang.String,java.lang.String)[pri:1, instance:com.TutorialNinjaproj.QA.TestCases.LoginTest@449a4f23]" started-at="2024-04-16T11:38:31 IST" name="verifyLoginWithValidCredentials" data-provider="validCredentials" finished-at="2024-04-16T11:38:32 IST" duration-ms="831" status="PASS">
          <params>
            <param index="0">
              <value>
                <![CDATA[amitsdet3228@gmail.com]]>
              </value>
            </param>
            <param index="1">
              <value>
                <![CDATA[Shreeganesh@1234]]>
              </value>
            </param>
          </params>
          <reporter-output>
          </reporter-output>
        </test-method> <!-- verifyLoginWithValidCredentials -->
        <test-method is-config="true" signature="tearDown()[pri:0, instance:com.TutorialNinjaproj.QA.TestCases.LoginTest@449a4f23]" started-at="2024-04-16T11:38:32 IST" name="tearDown" finished-at="2024-04-16T11:38:32 IST" duration-ms="166" status="PASS">
          <reporter-output>
          </reporter-output>
        </test-method> <!-- tearDown -->
        <test-method is-config="true" signature="setUp()[pri:0, instance:com.TutorialNinjaproj.QA.TestCases.LoginTest@449a4f23]" started-at="2024-04-16T11:38:32 IST" name="setUp" finished-at="2024-04-16T11:38:34 IST" duration-ms="2412" status="PASS">
          <reporter-output>
          </reporter-output>
        </test-method> <!-- setUp -->
        <test-method signature="verifyLoginWithValidCredentials(java.lang.String,java.lang.String)[pri:1, instance:com.TutorialNinjaproj.QA.TestCases.LoginTest@449a4f23]" started-at="2024-04-16T11:38:34 IST" name="verifyLoginWithValidCredentials" data-provider="validCredentials" finished-at="2024-04-16T11:38:35 IST" duration-ms="767" status="PASS">
          <params>
            <param index="0">
              <value>
                <![CDATA[amitsdet3229@gmail.com]]>
              </value>
            </param>
            <param index="1">
              <value>
                <![CDATA[Shreeganesh@1234]]>
              </value>
            </param>
          </params>
          <reporter-output>
          </reporter-output>
        </test-method> <!-- verifyLoginWithValidCredentials -->
        <test-method is-config="true" signature="tearDown()[pri:0, instance:com.TutorialNinjaproj.QA.TestCases.LoginTest@449a4f23]" started-at="2024-04-16T11:38:35 IST" name="tearDown" finished-at="2024-04-16T11:38:35 IST" duration-ms="174" status="PASS">
          <reporter-output>
          </reporter-output>
        </test-method> <!-- tearDown -->
        <test-method is-config="true" signature="setUp()[pri:0, instance:com.TutorialNinjaproj.QA.TestCases.LoginTest@449a4f23]" started-at="2024-04-16T11:38:35 IST" name="setUp" finished-at="2024-04-16T11:38:38 IST" duration-ms="2586" status="PASS">
          <reporter-output>
          </reporter-output>
        </test-method> <!-- setUp -->
        <test-method signature="verifyLoginWithInValidCredentials()[pri:2, instance:com.TutorialNinjaproj.QA.TestCases.LoginTest@449a4f23]" started-at="2024-04-16T11:38:38 IST" name="verifyLoginWithInValidCredentials" finished-at="2024-04-16T11:38:39 IST" duration-ms="960" status="PASS">
          <reporter-output>
          </reporter-output>
        </test-method> <!-- verifyLoginWithInValidCredentials -->
        <test-method is-config="true" signature="tearDown()[pri:0, instance:com.TutorialNinjaproj.QA.TestCases.LoginTest@449a4f23]" started-at="2024-04-16T11:38:39 IST" name="tearDown" finished-at="2024-04-16T11:38:39 IST" duration-ms="167" status="PASS">
          <reporter-output>
          </reporter-output>
        </test-method> <!-- tearDown -->
        <test-method is-config="true" signature="setUp()[pri:0, instance:com.TutorialNinjaproj.QA.TestCases.LoginTest@449a4f23]" started-at="2024-04-16T11:38:39 IST" name="setUp" finished-at="2024-04-16T11:38:42 IST" duration-ms="2463" status="PASS">
          <reporter-output>
          </reporter-output>
        </test-method> <!-- setUp -->
        <test-method signature="verifyLoginWithInValideEmailAndValidPassword()[pri:3, instance:com.TutorialNinjaproj.QA.TestCases.LoginTest@449a4f23]" started-at="2024-04-16T11:38:42 IST" name="verifyLoginWithInValideEmailAndValidPassword" finished-at="2024-04-16T11:38:43 IST" duration-ms="1047" status="PASS">
          <reporter-output>
          </reporter-output>
        </test-method> <!-- verifyLoginWithInValideEmailAndValidPassword -->
        <test-method is-config="true" signature="tearDown()[pri:0, instance:com.TutorialNinjaproj.QA.TestCases.LoginTest@449a4f23]" started-at="2024-04-16T11:38:43 IST" name="tearDown" finished-at="2024-04-16T11:38:43 IST" duration-ms="174" status="PASS">
          <reporter-output>
          </reporter-output>
        </test-method> <!-- tearDown -->
        <test-method is-config="true" signature="setUp()[pri:0, instance:com.TutorialNinjaproj.QA.TestCases.LoginTest@449a4f23]" started-at="2024-04-16T11:38:43 IST" name="setUp" finished-at="2024-04-16T11:38:45 IST" duration-ms="2516" status="PASS">
          <reporter-output>
          </reporter-output>
        </test-method> <!-- setUp -->
        <test-method signature="verifyLoginWithValideEmailAndInValidPassword()[pri:4, instance:com.TutorialNinjaproj.QA.TestCases.LoginTest@449a4f23]" started-at="2024-04-16T11:38:45 IST" name="verifyLoginWithValideEmailAndInValidPassword" finished-at="2024-04-16T11:38:46 IST" duration-ms="809" status="PASS">
          <reporter-output>
          </reporter-output>
        </test-method> <!-- verifyLoginWithValideEmailAndInValidPassword -->
        <test-method is-config="true" signature="tearDown()[pri:0, instance:com.TutorialNinjaproj.QA.TestCases.LoginTest@449a4f23]" started-at="2024-04-16T11:38:46 IST" name="tearDown" finished-at="2024-04-16T11:38:46 IST" duration-ms="182" status="PASS">
          <reporter-output>
          </reporter-output>
        </test-method> <!-- tearDown -->
        <test-method is-config="true" signature="setUp()[pri:0, instance:com.TutorialNinjaproj.QA.TestCases.LoginTest@449a4f23]" started-at="2024-04-16T11:38:46 IST" name="setUp" finished-at="2024-04-16T11:38:50 IST" duration-ms="3714" status="PASS">
          <reporter-output>
          </reporter-output>
        </test-method> <!-- setUp -->
        <test-method signature="verifyLoginWithoutProvidingCredential()[pri:5, instance:com.TutorialNinjaproj.QA.TestCases.LoginTest@449a4f23]" started-at="2024-04-16T11:38:50 IST" name="verifyLoginWithoutProvidingCredential" finished-at="2024-04-16T11:38:51 IST" duration-ms="549" status="PASS">
          <reporter-output>
          </reporter-output>
        </test-method> <!-- verifyLoginWithoutProvidingCredential -->
        <test-method is-config="true" signature="tearDown()[pri:0, instance:com.TutorialNinjaproj.QA.TestCases.LoginTest@449a4f23]" started-at="2024-04-16T11:38:51 IST" name="tearDown" finished-at="2024-04-16T11:38:51 IST" duration-ms="174" status="PASS">
          <reporter-output>
          </reporter-output>
        </test-method> <!-- tearDown -->
      </class> <!-- com.TutorialNinjaproj.QA.TestCases.LoginTest -->
    </test> <!-- TutorialNinja Automation Test cases -->
  </suite> <!-- TutorialNinja Automation Suite -->
</testng-results>
