<?xml version="1.0" encoding="UTF-8"?>
<testng-results ignored="0" total="14" passed="12" failed="1" skipped="1">
  <reporter-output>
  </reporter-output>
  <suite started-at="2024-04-16T11:27:57 IST" name="TutorialNinja Automation Suite" finished-at="2024-04-16T11:28:46 IST" duration-ms="49685">
    <groups>
    </groups>
    <test started-at="2024-04-16T11:27:57 IST" name="TutorialNinja Automation Test cases" finished-at="2024-04-16T11:28:46 IST" duration-ms="49685">
      <class name="com.TutorialNinjaproj.QA.TestCases.SearchTest">
        <test-method is-config="true" signature="setUp()[pri:0, instance:com.TutorialNinjaproj.QA.TestCases.SearchTest@5032714f]" started-at="2024-04-16T11:28:41 IST" name="setUp" finished-at="2024-04-16T11:28:43 IST" duration-ms="2054" status="PASS">
          <reporter-output>
          </reporter-output>
        </test-method> <!-- setUp -->
        <test-method signature="verifySearchWithValidProduct()[pri:1, instance:com.TutorialNinjaproj.QA.TestCases.SearchTest@5032714f]" started-at="2024-04-16T11:28:43 IST" name="verifySearchWithValidProduct" finished-at="2024-04-16T11:28:43 IST" duration-ms="405" status="PASS">
          <reporter-output>
          </reporter-output>
        </test-method> <!-- verifySearchWithValidProduct -->
        <test-method is-config="true" signature="tearDown()[pri:0, instance:com.TutorialNinjaproj.QA.TestCases.SearchTest@5032714f]" started-at="2024-04-16T11:28:43 IST" name="tearDown" finished-at="2024-04-16T11:28:43 IST" duration-ms="169" status="PASS">
          <reporter-output>
          </reporter-output>
        </test-method> <!-- tearDown -->
        <test-method is-config="true" signature="setUp()[pri:0, instance:com.TutorialNinjaproj.QA.TestCases.SearchTest@5032714f]" started-at="2024-04-16T11:28:43 IST" name="setUp" finished-at="2024-04-16T11:28:45 IST" duration-ms="2064" status="PASS">
          <reporter-output>
          </reporter-output>
        </test-method> <!-- setUp -->
        <test-method signature="verifySearchWithInValidProduct()[pri:2, instance:com.TutorialNinjaproj.QA.TestCases.SearchTest@5032714f]" started-at="2024-04-16T11:28:45 IST" name="verifySearchWithInValidProduct" finished-at="2024-04-16T11:28:46 IST" duration-ms="404" status="FAIL">
          <exception class="java.lang.AssertionError">
            <message>
              <![CDATA[No Product Message in search Result Is not Displayed expected [abcd] but found [There is no product that matches the search criteria.]]]>
            </message>
            <full-stacktrace>
              <![CDATA[java.lang.AssertionError: No Product Message in search Result Is not Displayed expected [abcd] but found [There is no product that matches the search criteria.]
at org.testng.Assert.fail(Assert.java:111)
at org.testng.Assert.failNotEquals(Assert.java:1578)
at org.testng.Assert.assertEqualsImpl(Assert.java:150)
at org.testng.Assert.assertEquals(Assert.java:132)
at org.testng.Assert.assertEquals(Assert.java:656)
at com.TutorialNinjaproj.QA.TestCases.SearchTest.verifySearchWithInValidProduct(SearchTest.java:45)
at java.base/jdk.internal.reflect.DirectMethodHandleAccessor.invoke(DirectMethodHandleAccessor.java:104)
at java.base/java.lang.reflect.Method.invoke(Method.java:578)
at org.testng.internal.invokers.MethodInvocationHelper.invokeMethod(MethodInvocationHelper.java:139)
at org.testng.internal.invokers.TestInvoker.invokeMethod(TestInvoker.java:664)
at org.testng.internal.invokers.TestInvoker.invokeTestMethod(TestInvoker.java:228)
at org.testng.internal.invokers.MethodRunner.runInSequence(MethodRunner.java:63)
at org.testng.internal.invokers.TestInvoker$MethodInvocationAgent.invoke(TestInvoker.java:961)
at org.testng.internal.invokers.TestInvoker.invokeTestMethods(TestInvoker.java:201)
at org.testng.internal.invokers.TestMethodWorker.invokeTestMethods(TestMethodWorker.java:148)
at org.testng.internal.invokers.TestMethodWorker.run(TestMethodWorker.java:128)
at java.base/java.util.ArrayList.forEach(ArrayList.java:1511)
at org.testng.TestRunner.privateRun(TestRunner.java:819)
at org.testng.TestRunner.run(TestRunner.java:619)
at org.testng.SuiteRunner.runTest(SuiteRunner.java:443)
at org.testng.SuiteRunner.runSequentially(SuiteRunner.java:437)
at org.testng.SuiteRunner.privateRun(SuiteRunner.java:397)
at org.testng.SuiteRunner.run(SuiteRunner.java:336)
at org.testng.SuiteRunnerWorker.runSuite(SuiteRunnerWorker.java:52)
at org.testng.SuiteRunnerWorker.run(SuiteRunnerWorker.java:95)
at org.testng.TestNG.runSuitesSequentially(TestNG.java:1301)
at org.testng.TestNG.runSuitesLocally(TestNG.java:1228)
at org.testng.TestNG.runSuites(TestNG.java:1134)
at org.testng.TestNG.run(TestNG.java:1101)
at org.testng.remote.AbstractRemoteTestNG.run(AbstractRemoteTestNG.java:115)
at org.testng.remote.RemoteTestNG.initAndRun(RemoteTestNG.java:251)
at org.testng.remote.RemoteTestNG.main(RemoteTestNG.java:77)
]]>
            </full-stacktrace>
          </exception> <!-- java.lang.AssertionError -->
          <reporter-output>
          </reporter-output>
        </test-method> <!-- verifySearchWithInValidProduct -->
        <test-method is-config="true" signature="tearDown()[pri:0, instance:com.TutorialNinjaproj.QA.TestCases.SearchTest@5032714f]" started-at="2024-04-16T11:28:46 IST" name="tearDown" finished-at="2024-04-16T11:28:46 IST" duration-ms="171" status="PASS">
          <reporter-output>
          </reporter-output>
        </test-method> <!-- tearDown -->
        <test-method signature="verifySearchWithAnyProduct()[pri:3, instance:com.TutorialNinjaproj.QA.TestCases.SearchTest@5032714f]" started-at="2024-04-16T11:28:46 IST" name="verifySearchWithAnyProduct" finished-at="2024-04-16T11:28:46 IST" depends-on-methods="com.TutorialNinjaproj.QA.TestCases.SearchTest.verifySearchWithValidProduct, com.TutorialNinjaproj.QA.TestCases.SearchTest.verifySearchWithInValidProduct" duration-ms="0" status="SKIP">
          <exception class="java.lang.Throwable">
            <message>
              <![CDATA[Method com.TutorialNinjaproj.QA.TestCases.SearchTest.verifySearchWithAnyProduct() on instance com.TutorialNinjaproj.QA.TestCases.SearchTest@5032714f depends on not successfully finished methods 
[com.TutorialNinjaproj.QA.TestCases.SearchTest.verifySearchWithValidProduct() on instance com.TutorialNinjaproj.QA.TestCases.SearchTest@5032714f
com.TutorialNinjaproj.QA.TestCases.SearchTest.verifySearchWithInValidProduct() on instance com.TutorialNinjaproj.QA.TestCases.SearchTest@5032714f]]]>
            </message>
            <full-stacktrace>
              <![CDATA[java.lang.Throwable: Method com.TutorialNinjaproj.QA.TestCases.SearchTest.verifySearchWithAnyProduct() on instance com.TutorialNinjaproj.QA.TestCases.SearchTest@5032714f depends on not successfully finished methods 
[com.TutorialNinjaproj.QA.TestCases.SearchTest.verifySearchWithValidProduct() on instance com.TutorialNinjaproj.QA.TestCases.SearchTest@5032714f
com.TutorialNinjaproj.QA.TestCases.SearchTest.verifySearchWithInValidProduct() on instance com.TutorialNinjaproj.QA.TestCases.SearchTest@5032714f]
at org.testng.internal.invokers.TestInvoker.invokeTestMethods(TestInvoker.java:157)
at org.testng.internal.invokers.TestMethodWorker.invokeTestMethods(TestMethodWorker.java:148)
at org.testng.internal.invokers.TestMethodWorker.run(TestMethodWorker.java:128)
at java.base/java.util.ArrayList.forEach(ArrayList.java:1511)
at org.testng.TestRunner.privateRun(TestRunner.java:819)
at org.testng.TestRunner.run(TestRunner.java:619)
at org.testng.SuiteRunner.runTest(SuiteRunner.java:443)
at org.testng.SuiteRunner.runSequentially(SuiteRunner.java:437)
at org.testng.SuiteRunner.privateRun(SuiteRunner.java:397)
at org.testng.SuiteRunner.run(SuiteRunner.java:336)
at org.testng.SuiteRunnerWorker.runSuite(SuiteRunnerWorker.java:52)
at org.testng.SuiteRunnerWorker.run(SuiteRunnerWorker.java:95)
at org.testng.TestNG.runSuitesSequentially(TestNG.java:1301)
at org.testng.TestNG.runSuitesLocally(TestNG.java:1228)
at org.testng.TestNG.runSuites(TestNG.java:1134)
at org.testng.TestNG.run(TestNG.java:1101)
at org.testng.remote.AbstractRemoteTestNG.run(AbstractRemoteTestNG.java:115)
at org.testng.remote.RemoteTestNG.initAndRun(RemoteTestNG.java:251)
at org.testng.remote.RemoteTestNG.main(RemoteTestNG.java:77)
]]>
            </full-stacktrace>
          </exception> <!-- java.lang.Throwable -->
          <reporter-output>
          </reporter-output>
        </test-method> <!-- verifySearchWithAnyProduct -->
      </class> <!-- com.TutorialNinjaproj.QA.TestCases.SearchTest -->
      <class name="com.TutorialNinjaproj.QA.TestCases.RegisterTest">
        <test-method is-config="true" signature="setUp()[pri:0, instance:com.TutorialNinjaproj.QA.TestCases.RegisterTest@173ed316]" started-at="2024-04-16T11:27:57 IST" name="setUp" finished-at="2024-04-16T11:28:01 IST" duration-ms="4008" status="PASS">
          <reporter-output>
          </reporter-output>
        </test-method> <!-- setUp -->
        <test-method signature="verifyRegisterAnAccountWithMandatoryFields()[pri:1, instance:com.TutorialNinjaproj.QA.TestCases.RegisterTest@173ed316]" started-at="2024-04-16T11:28:01 IST" name="verifyRegisterAnAccountWithMandatoryFields" finished-at="2024-04-16T11:28:02 IST" duration-ms="1592" status="PASS">
          <reporter-output>
          </reporter-output>
        </test-method> <!-- verifyRegisterAnAccountWithMandatoryFields -->
        <test-method is-config="true" signature="tearDown()[pri:0, instance:com.TutorialNinjaproj.QA.TestCases.RegisterTest@173ed316]" started-at="2024-04-16T11:28:02 IST" name="tearDown" finished-at="2024-04-16T11:28:03 IST" duration-ms="238" status="PASS">
          <reporter-output>
          </reporter-output>
        </test-method> <!-- tearDown -->
        <test-method is-config="true" signature="setUp()[pri:0, instance:com.TutorialNinjaproj.QA.TestCases.RegisterTest@173ed316]" started-at="2024-04-16T11:28:03 IST" name="setUp" finished-at="2024-04-16T11:28:05 IST" duration-ms="2677" status="PASS">
          <reporter-output>
          </reporter-output>
        </test-method> <!-- setUp -->
        <test-method signature="verifyRegisterAccountByProvidingAllFields()[pri:2, instance:com.TutorialNinjaproj.QA.TestCases.RegisterTest@173ed316]" started-at="2024-04-16T11:28:05 IST" name="verifyRegisterAccountByProvidingAllFields" finished-at="2024-04-16T11:28:07 IST" duration-ms="1233" status="PASS">
          <reporter-output>
          </reporter-output>
        </test-method> <!-- verifyRegisterAccountByProvidingAllFields -->
        <test-method is-config="true" signature="tearDown()[pri:0, instance:com.TutorialNinjaproj.QA.TestCases.RegisterTest@173ed316]" started-at="2024-04-16T11:28:07 IST" name="tearDown" finished-at="2024-04-16T11:28:07 IST" duration-ms="215" status="PASS">
          <reporter-output>
          </reporter-output>
        </test-method> <!-- tearDown -->
        <test-method is-config="true" signature="setUp()[pri:0, instance:com.TutorialNinjaproj.QA.TestCases.RegisterTest@173ed316]" started-at="2024-04-16T11:28:07 IST" name="setUp" finished-at="2024-04-16T11:28:09 IST" duration-ms="2574" status="PASS">
          <reporter-output>
          </reporter-output>
        </test-method> <!-- setUp -->
        <test-method signature="verifyRegisterAccountWithExistingEmailAccount()[pri:3, instance:com.TutorialNinjaproj.QA.TestCases.RegisterTest@173ed316]" started-at="2024-04-16T11:28:09 IST" name="verifyRegisterAccountWithExistingEmailAccount" finished-at="2024-04-16T11:28:10 IST" duration-ms="990" status="PASS">
          <reporter-output>
          </reporter-output>
        </test-method> <!-- verifyRegisterAccountWithExistingEmailAccount -->
        <test-method is-config="true" signature="tearDown()[pri:0, instance:com.TutorialNinjaproj.QA.TestCases.RegisterTest@173ed316]" started-at="2024-04-16T11:28:10 IST" name="tearDown" finished-at="2024-04-16T11:28:11 IST" duration-ms="189" status="PASS">
          <reporter-output>
          </reporter-output>
        </test-method> <!-- tearDown -->
        <test-method is-config="true" signature="setUp()[pri:0, instance:com.TutorialNinjaproj.QA.TestCases.RegisterTest@173ed316]" started-at="2024-04-16T11:28:11 IST" name="setUp" finished-at="2024-04-16T11:28:13 IST" duration-ms="2420" status="PASS">
          <reporter-output>
          </reporter-output>
        </test-method> <!-- setUp -->
        <test-method signature="verifyRegisteringWithoutFillingAnydetails()[pri:4, instance:com.TutorialNinjaproj.QA.TestCases.RegisterTest@173ed316]" started-at="2024-04-16T11:28:13 IST" name="verifyRegisteringWithoutFillingAnydetails" finished-at="2024-04-16T11:28:14 IST" duration-ms="526" status="PASS">
          <reporter-output>
          </reporter-output>
        </test-method> <!-- verifyRegisteringWithoutFillingAnydetails -->
        <test-method is-config="true" signature="tearDown()[pri:0, instance:com.TutorialNinjaproj.QA.TestCases.RegisterTest@173ed316]" started-at="2024-04-16T11:28:14 IST" name="tearDown" finished-at="2024-04-16T11:28:14 IST" duration-ms="196" status="PASS">
          <reporter-output>
          </reporter-output>
        </test-method> <!-- tearDown -->
      </class> <!-- com.TutorialNinjaproj.QA.TestCases.RegisterTest -->
      <class name="com.TutorialNinjaproj.QA.TestCases.LoginTest">
        <test-method is-config="true" signature="setUp()[pri:0, instance:com.TutorialNinjaproj.QA.TestCases.LoginTest@33bc72d1]" started-at="2024-04-16T11:28:15 IST" name="setUp" finished-at="2024-04-16T11:28:17 IST" duration-ms="2502" status="PASS">
          <reporter-output>
          </reporter-output>
        </test-method> <!-- setUp -->
        <test-method signature="verifyLoginWithValidCredentials(java.lang.String,java.lang.String)[pri:1, instance:com.TutorialNinjaproj.QA.TestCases.LoginTest@33bc72d1]" started-at="2024-04-16T11:28:17 IST" name="verifyLoginWithValidCredentials" data-provider="validCredentials" finished-at="2024-04-16T11:28:18 IST" duration-ms="1051" status="PASS">
          <params>
            <param index="0">
              <value>
                <![CDATA[amitsdet3227@gmail.com]]>
              </value>
            </param>
            <param index="1">
              <value>
                <![CDATA[Shreeganesh@1234]]>
              </value>
            </param>
          </params>
          <reporter-output>
          </reporter-output>
        </test-method> <!-- verifyLoginWithValidCredentials -->
        <test-method is-config="true" signature="tearDown()[pri:0, instance:com.TutorialNinjaproj.QA.TestCases.LoginTest@33bc72d1]" started-at="2024-04-16T11:28:18 IST" name="tearDown" finished-at="2024-04-16T11:28:18 IST" duration-ms="167" status="PASS">
          <reporter-output>
          </reporter-output>
        </test-method> <!-- tearDown -->
        <test-method is-config="true" signature="setUp()[pri:0, instance:com.TutorialNinjaproj.QA.TestCases.LoginTest@33bc72d1]" started-at="2024-04-16T11:28:18 IST" name="setUp" finished-at="2024-04-16T11:28:21 IST" duration-ms="2466" status="PASS">
          <reporter-output>
          </reporter-output>
        </test-method> <!-- setUp -->
        <test-method signature="verifyLoginWithValidCredentials(java.lang.String,java.lang.String)[pri:1, instance:com.TutorialNinjaproj.QA.TestCases.LoginTest@33bc72d1]" started-at="2024-04-16T11:28:21 IST" name="verifyLoginWithValidCredentials" data-provider="validCredentials" finished-at="2024-04-16T11:28:22 IST" duration-ms="857" status="PASS">
          <params>
            <param index="0">
              <value>
                <![CDATA[amitsdet3228@gmail.com]]>
              </value>
            </param>
            <param index="1">
              <value>
                <![CDATA[Shreeganesh@1234]]>
              </value>
            </param>
          </params>
          <reporter-output>
          </reporter-output>
        </test-method> <!-- verifyLoginWithValidCredentials -->
        <test-method is-config="true" signature="tearDown()[pri:0, instance:com.TutorialNinjaproj.QA.TestCases.LoginTest@33bc72d1]" started-at="2024-04-16T11:28:22 IST" name="tearDown" finished-at="2024-04-16T11:28:22 IST" duration-ms="186" status="PASS">
          <reporter-output>
          </reporter-output>
        </test-method> <!-- tearDown -->
        <test-method is-config="true" signature="setUp()[pri:0, instance:com.TutorialNinjaproj.QA.TestCases.LoginTest@33bc72d1]" started-at="2024-04-16T11:28:22 IST" name="setUp" finished-at="2024-04-16T11:28:24 IST" duration-ms="2648" status="PASS">
          <reporter-output>
          </reporter-output>
        </test-method> <!-- setUp -->
        <test-method signature="verifyLoginWithValidCredentials(java.lang.String,java.lang.String)[pri:1, instance:com.TutorialNinjaproj.QA.TestCases.LoginTest@33bc72d1]" started-at="2024-04-16T11:28:24 IST" name="verifyLoginWithValidCredentials" data-provider="validCredentials" finished-at="2024-04-16T11:28:25 IST" duration-ms="922" status="PASS">
          <params>
            <param index="0">
              <value>
                <![CDATA[amitsdet3229@gmail.com]]>
              </value>
            </param>
            <param index="1">
              <value>
                <![CDATA[Shreeganesh@1234]]>
              </value>
            </param>
          </params>
          <reporter-output>
          </reporter-output>
        </test-method> <!-- verifyLoginWithValidCredentials -->
        <test-method is-config="true" signature="tearDown()[pri:0, instance:com.TutorialNinjaproj.QA.TestCases.LoginTest@33bc72d1]" started-at="2024-04-16T11:28:25 IST" name="tearDown" finished-at="2024-04-16T11:28:25 IST" duration-ms="168" status="PASS">
          <reporter-output>
          </reporter-output>
        </test-method> <!-- tearDown -->
        <test-method is-config="true" signature="setUp()[pri:0, instance:com.TutorialNinjaproj.QA.TestCases.LoginTest@33bc72d1]" started-at="2024-04-16T11:28:25 IST" name="setUp" finished-at="2024-04-16T11:28:28 IST" duration-ms="2416" status="PASS">
          <reporter-output>
          </reporter-output>
        </test-method> <!-- setUp -->
        <test-method signature="verifyLoginWithInValidCredentials()[pri:2, instance:com.TutorialNinjaproj.QA.TestCases.LoginTest@33bc72d1]" started-at="2024-04-16T11:28:28 IST" name="verifyLoginWithInValidCredentials" finished-at="2024-04-16T11:28:29 IST" duration-ms="958" status="PASS">
          <reporter-output>
          </reporter-output>
        </test-method> <!-- verifyLoginWithInValidCredentials -->
        <test-method is-config="true" signature="tearDown()[pri:0, instance:com.TutorialNinjaproj.QA.TestCases.LoginTest@33bc72d1]" started-at="2024-04-16T11:28:29 IST" name="tearDown" finished-at="2024-04-16T11:28:29 IST" duration-ms="211" status="PASS">
          <reporter-output>
          </reporter-output>
        </test-method> <!-- tearDown -->
        <test-method is-config="true" signature="setUp()[pri:0, instance:com.TutorialNinjaproj.QA.TestCases.LoginTest@33bc72d1]" started-at="2024-04-16T11:28:29 IST" name="setUp" finished-at="2024-04-16T11:28:31 IST" duration-ms="2392" status="PASS">
          <reporter-output>
          </reporter-output>
        </test-method> <!-- setUp -->
        <test-method signature="verifyLoginWithInValideEmailAndValidPassword()[pri:3, instance:com.TutorialNinjaproj.QA.TestCases.LoginTest@33bc72d1]" started-at="2024-04-16T11:28:31 IST" name="verifyLoginWithInValideEmailAndValidPassword" finished-at="2024-04-16T11:28:32 IST" duration-ms="852" status="PASS">
          <reporter-output>
          </reporter-output>
        </test-method> <!-- verifyLoginWithInValideEmailAndValidPassword -->
        <test-method is-config="true" signature="tearDown()[pri:0, instance:com.TutorialNinjaproj.QA.TestCases.LoginTest@33bc72d1]" started-at="2024-04-16T11:28:32 IST" name="tearDown" finished-at="2024-04-16T11:28:32 IST" duration-ms="179" status="PASS">
          <reporter-output>
          </reporter-output>
        </test-method> <!-- tearDown -->
        <test-method is-config="true" signature="setUp()[pri:0, instance:com.TutorialNinjaproj.QA.TestCases.LoginTest@33bc72d1]" started-at="2024-04-16T11:28:33 IST" name="setUp" finished-at="2024-04-16T11:28:36 IST" duration-ms="3780" status="PASS">
          <reporter-output>
          </reporter-output>
        </test-method> <!-- setUp -->
        <test-method signature="verifyLoginWithValideEmailAndInValidPassword()[pri:4, instance:com.TutorialNinjaproj.QA.TestCases.LoginTest@33bc72d1]" started-at="2024-04-16T11:28:36 IST" name="verifyLoginWithValideEmailAndInValidPassword" finished-at="2024-04-16T11:28:37 IST" duration-ms="703" status="PASS">
          <reporter-output>
          </reporter-output>
        </test-method> <!-- verifyLoginWithValideEmailAndInValidPassword -->
        <test-method is-config="true" signature="tearDown()[pri:0, instance:com.TutorialNinjaproj.QA.TestCases.LoginTest@33bc72d1]" started-at="2024-04-16T11:28:37 IST" name="tearDown" finished-at="2024-04-16T11:28:37 IST" duration-ms="206" status="PASS">
          <reporter-output>
          </reporter-output>
        </test-method> <!-- tearDown -->
        <test-method is-config="true" signature="setUp()[pri:0, instance:com.TutorialNinjaproj.QA.TestCases.LoginTest@33bc72d1]" started-at="2024-04-16T11:28:37 IST" name="setUp" finished-at="2024-04-16T11:28:40 IST" duration-ms="2557" status="PASS">
          <reporter-output>
          </reporter-output>
        </test-method> <!-- setUp -->
        <test-method signature="verifyLoginWithoutProvidingCredential()[pri:5, instance:com.TutorialNinjaproj.QA.TestCases.LoginTest@33bc72d1]" started-at="2024-04-16T11:28:40 IST" name="verifyLoginWithoutProvidingCredential" finished-at="2024-04-16T11:28:40 IST" duration-ms="583" status="PASS">
          <reporter-output>
          </reporter-output>
        </test-method> <!-- verifyLoginWithoutProvidingCredential -->
        <test-method is-config="true" signature="tearDown()[pri:0, instance:com.TutorialNinjaproj.QA.TestCases.LoginTest@33bc72d1]" started-at="2024-04-16T11:28:40 IST" name="tearDown" finished-at="2024-04-16T11:28:41 IST" duration-ms="195" status="PASS">
          <reporter-output>
          </reporter-output>
        </test-method> <!-- tearDown -->
      </class> <!-- com.TutorialNinjaproj.QA.TestCases.LoginTest -->
    </test> <!-- TutorialNinja Automation Test cases -->
  </suite> <!-- TutorialNinja Automation Suite -->
</testng-results>
